{"type":"server-started","port":56570,"host":"0.0.0.0","url_host":"localhost","url":"http://localhost:56570","screen_dir":"/mnt/sdb/AI/ScoreProphet/.superpowers/brainstorm/3537639-1778596093/content","state_dir":"/mnt/sdb/AI/ScoreProphet/.superpowers/brainstorm/3537639-1778596093/state"}
{"type":"screen-added","file":"/mnt/sdb/AI/ScoreProphet/.superpowers/brainstorm/3537639-1778596093/content/formation-layout.html"}
{"source":"user-event","type":"click","text":"BRAZIL 4-3-3 ▲\n          ▼ FRANCE 4-2-3-1\n        \n        \n        \n          \n          \n            9\n            10\n            7\n          \n          \n          \n            8\n            17\n            18\n          \n          \n          \n            2\n            3\n            5\n            6\n          \n          \n          \n            ——— center ———\n          \n          \n          \n            2\n            4\n            5\n            3\n          \n          \n          \n            7\n            11\n            14\n          \n          \n          \n            10\n          \n        \n        \n        \n          59%Possession41%\n          \n            \n            \n          \n        \n      \n    \n    \n      B — Single full pitch\n      Both teams on one vertical pitch. Brazil attacks up, France attacks down. More compact, clearly shows the contest between formations. Works well on mobile.","choice":"b","id":null,"timestamp":1778596390319}
{"type":"screen-added","file":"/mnt/sdb/AI/ScoreProphet/.superpowers/brainstorm/3537639-1778596093/content/pitch-horizontal.html"}
{"type":"screen-added","file":"/mnt/sdb/AI/ScoreProphet/.superpowers/brainstorm/3537639-1778596093/content/pitch-constrained.html"}
{"type":"screen-updated","file":"/mnt/sdb/AI/ScoreProphet/.superpowers/brainstorm/3537639-1778596093/content/pitch-constrained.html"}
{"type":"screen-updated","file":"/mnt/sdb/AI/ScoreProphet/.superpowers/brainstorm/3537639-1778596093/content/pitch-constrained.html"}
{"type":"screen-updated","file":"/mnt/sdb/AI/ScoreProphet/.superpowers/brainstorm/3537639-1778596093/content/pitch-constrained.html"}
{"type":"screen-updated","file":"/mnt/sdb/AI/ScoreProphet/.superpowers/brainstorm/3537639-1778596093/content/pitch-constrained.html"}
{"type":"screen-updated","file":"/mnt/sdb/AI/ScoreProphet/.superpowers/brainstorm/3537639-1778596093/content/pitch-constrained.html"}
{"type":"screen-updated","file":"/mnt/sdb/AI/ScoreProphet/.superpowers/brainstorm/3537639-1778596093/content/pitch-constrained.html"}
{"type":"screen-updated","file":"/mnt/sdb/AI/ScoreProphet/.superpowers/brainstorm/3537639-1778596093/content/pitch-constrained.html"}
{"type":"screen-updated","file":"/mnt/sdb/AI/ScoreProphet/.superpowers/brainstorm/3537639-1778596093/content/pitch-constrained.html"}
{"type":"screen-updated","file":"/mnt/sdb/AI/ScoreProphet/.superpowers/brainstorm/3537639-1778596093/content/pitch-constrained.html"}
{"type":"screen-updated","file":"/mnt/sdb/AI/ScoreProphet/.superpowers/brainstorm/3537639-1778596093/content/pitch-constrained.html"}
{"type":"screen-updated","file":"/mnt/sdb/AI/ScoreProphet/.superpowers/brainstorm/3537639-1778596093/content/pitch-constrained.html"}
{"type":"screen-updated","file":"/mnt/sdb/AI/ScoreProphet/.superpowers/brainstorm/3537639-1778596093/content/pitch-constrained.html"}
{"type":"screen-updated","file":"/mnt/sdb/AI/ScoreProphet/.superpowers/brainstorm/3537639-1778596093/content/pitch-constrained.html"}
{"type":"screen-updated","file":"/mnt/sdb/AI/ScoreProphet/.superpowers/brainstorm/3537639-1778596093/content/pitch-constrained.html"}
{"type":"screen-updated","file":"/mnt/sdb/AI/ScoreProphet/.superpowers/brainstorm/3537639-1778596093/content/pitch-constrained.html"}
{"type":"screen-updated","file":"/mnt/sdb/AI/ScoreProphet/.superpowers/brainstorm/3537639-1778596093/content/pitch-constrained.html"}
{"type":"screen-updated","file":"/mnt/sdb/AI/ScoreProphet/.superpowers/brainstorm/3537639-1778596093/content/pitch-constrained.html"}
{"type":"screen-updated","file":"/mnt/sdb/AI/ScoreProphet/.superpowers/brainstorm/3537639-1778596093/content/pitch-constrained.html"}
{"type":"screen-updated","file":"/mnt/sdb/AI/ScoreProphet/.superpowers/brainstorm/3537639-1778596093/content/pitch-constrained.html"}
{"type":"screen-updated","file":"/mnt/sdb/AI/ScoreProphet/.superpowers/brainstorm/3537639-1778596093/content/pitch-constrained.html"}
{"type":"screen-updated","file":"/mnt/sdb/AI/ScoreProphet/.superpowers/brainstorm/3537639-1778596093/content/pitch-constrained.html"}
{"type":"screen-updated","file":"/mnt/sdb/AI/ScoreProphet/.superpowers/brainstorm/3537639-1778596093/content/pitch-constrained.html"}
{"type":"screen-updated","file":"/mnt/sdb/AI/ScoreProphet/.superpowers/brainstorm/3537639-1778596093/content/pitch-constrained.html"}
{"type":"screen-updated","file":"/mnt/sdb/AI/ScoreProphet/.superpowers/brainstorm/3537639-1778596093/content/pitch-constrained.html"}
{"type":"screen-updated","file":"/mnt/sdb/AI/ScoreProphet/.superpowers/brainstorm/3537639-1778596093/content/pitch-constrained.html"}
{"type":"screen-updated","file":"/mnt/sdb/AI/ScoreProphet/.superpowers/brainstorm/3537639-1778596093/content/pitch-constrained.html"}
